<?xml version="1.0" encoding="UTF-8"?>
<testsuite name="test.java.PageTest" tests="1" skipped="0" failures="0" errors="0" timestamp="2020-02-13T17:25:15" hostname="puma-GL502VMK" time="0.001">
  <properties/>
  <testcase name="testCorrectTableCreated" classname="test.java.PageTest" time="0.001"/>
  <system-out><![CDATA[]]></system-out>
  <system-err><![CDATA[]]></system-err>
</testsuite>
